<?xml version="1.0" encoding="UTF-8"?>
<!-- Generated by org.testng.reporters.JUnitXMLReporter -->
<testsuite hostname="DESKTOP-7PGM774" name="Test" tests="3" failures="1" timestamp="1 Jul 2018 01:11:32 GMT" time="13.136" errors="0">
  <testcase name="launchSite" time="1.361" classname="com.testcases.Login"/>
  <testcase name="login" time="4.013" classname="com.testcases.Login"/>
  <testcase name="logout" time="1.224" classname="com.testcases.Login">
    <failure type="java.lang.AssertionError" message="expected [false] but found [true]">
      <![CDATA[java.lang.AssertionError: expected [false] but found [true]
	at com.testcases.Login.logout(Login.java:54)
... Removed 29 stack frames]]>
    </failure>
  </testcase> <!-- logout -->
</testsuite> <!-- Test -->
